<?xml version="1.0" encoding="utf-8"?><testsuites name="pytest tests"><testsuite name="pytest" errors="0" failures="0" skipped="0" tests="22" time="2.669" timestamp="2026-06-18T15:53:17.432866+00:00" hostname="agent-env-1f86628d-30e1-4045-bd14-c06ea5c65a80"><testcase classname="tests.test_careeros_backend" name="test_health" time="0.302" /><testcase classname="tests.test_careeros_backend" name="test_public_landing_stats" time="0.109" /><testcase classname="tests.test_careeros_backend" name="test_dev_login_sets_cookie" time="0.107" /><testcase classname="tests.test_careeros_backend" name="test_auth_me_tpo" time="0.161" /><testcase classname="tests.test_careeros_backend" name="test_auth_me_vasavi_pending" time="0.157" /><testcase classname="tests.test_careeros_backend" name="test_dev_login_unknown_email" time="0.130" /><testcase classname="tests.test_careeros_backend" name="test_placements_overview" time="0.059" /><testcase classname="tests.test_careeros_backend" name="test_students_list" time="0.056" /><testcase classname="tests.test_careeros_backend" name="test_students_filter_department" time="0.053" /><testcase classname="tests.test_careeros_backend" name="test_students_search" time="0.044" /><testcase classname="tests.test_careeros_backend" name="test_students_create" time="0.208" /><testcase classname="tests.test_careeros_backend" name="test_cohorts" time="0.056" /><testcase classname="tests.test_careeros_backend" name="test_training_completion" time="0.055" /><testcase classname="tests.test_careeros_backend" name="test_mou_get" time="0.049" /><testcase classname="tests.test_careeros_backend" name="test_mou_upload" time="0.065" /><testcase classname="tests.test_careeros_backend" name="test_get_college" time="0.048" /><testcase classname="tests.test_careeros_backend" name="test_patch_college" time="0.205" /><testcase classname="tests.test_careeros_backend" name="test_cross_college_denied" time="0.051" /><testcase classname="tests.test_careeros_backend" name="test_admin_endpoints_require_super_admin" time="0.054" /><testcase classname="tests.test_careeros_backend" name="test_admin_pending_signups" time="0.160" /><testcase classname="tests.test_careeros_backend" name="test_admin_approve_and_verify" time="0.257" /><testcase classname="tests.test_careeros_backend" name="test_test_notification_and_log" time="0.101" /></testsuite></testsuites>